<?xml version="1.0" encoding="UTF-8"?>
<!-- Generated by org.testng.reporters.JUnitXMLReporter -->
<testsuite hostname="DESKTOP-CQNDIUL" name="Default test" tests="3" failures="0" timestamp="4 Apr 2019 14:30:26 GMT" time="44.692" errors="0">
  <testcase name="validateCRMImageTest" time="0.117" classname="com.crm.qa.testcases.LoginPageTest"/>
  <testcase name="validatePageTittleTest" time="0.012" classname="com.crm.qa.testcases.LoginPageTest"/>
  <testcase name="loginTest" time="5.643" classname="com.crm.qa.testcases.LoginPageTest"/>
</testsuite> <!-- Default test -->
