<?xml version="1.0" encoding="UTF-8"?>
<testng-results skipped="0" failed="0" total="3" passed="3">
  <reporter-output>
  </reporter-output>
  <suite name="Default suite" duration-ms="44692" started-at="2019-04-04T14:29:41Z" finished-at="2019-04-04T14:30:26Z">
    <groups>
    </groups>
    <test name="Default test" duration-ms="44692" started-at="2019-04-04T14:29:41Z" finished-at="2019-04-04T14:30:26Z">
      <class name="com.crm.qa.testcases.LoginPageTest">
        <test-method status="PASS" signature="setUp()[pri:0, instance:com.crm.qa.testcases.LoginPageTest@39aeed2f]" name="setUp" is-config="true" duration-ms="11455" started-at="2019-04-04T07:29:41Z" finished-at="2019-04-04T07:29:53Z">
          <reporter-output>
          </reporter-output>
        </test-method> <!-- setUp -->
        <test-method status="PASS" signature="validateCRMImageTest()[pri:1, instance:com.crm.qa.testcases.LoginPageTest@39aeed2f]" name="validateCRMImageTest" duration-ms="117" started-at="2019-04-04T07:29:53Z" finished-at="2019-04-04T07:29:53Z">
          <reporter-output>
          </reporter-output>
        </test-method> <!-- validateCRMImageTest -->
        <test-method status="PASS" signature="teardown()[pri:0, instance:com.crm.qa.testcases.LoginPageTest@39aeed2f]" name="teardown" is-config="true" duration-ms="706" started-at="2019-04-04T07:29:53Z" finished-at="2019-04-04T07:29:53Z">
          <reporter-output>
          </reporter-output>
        </test-method> <!-- teardown -->
        <test-method status="PASS" signature="setUp()[pri:0, instance:com.crm.qa.testcases.LoginPageTest@39aeed2f]" name="setUp" is-config="true" duration-ms="16184" started-at="2019-04-04T07:29:53Z" finished-at="2019-04-04T07:30:10Z">
          <reporter-output>
          </reporter-output>
        </test-method> <!-- setUp -->
        <test-method status="PASS" signature="validatePageTittleTest()[pri:1, instance:com.crm.qa.testcases.LoginPageTest@39aeed2f]" name="validatePageTittleTest" duration-ms="12" started-at="2019-04-04T07:30:10Z" finished-at="2019-04-04T07:30:10Z">
          <reporter-output>
          </reporter-output>
        </test-method> <!-- validatePageTittleTest -->
        <test-method status="PASS" signature="teardown()[pri:0, instance:com.crm.qa.testcases.LoginPageTest@39aeed2f]" name="teardown" is-config="true" duration-ms="699" started-at="2019-04-04T07:30:10Z" finished-at="2019-04-04T07:30:10Z">
          <reporter-output>
          </reporter-output>
        </test-method> <!-- teardown -->
        <test-method status="PASS" signature="setUp()[pri:0, instance:com.crm.qa.testcases.LoginPageTest@39aeed2f]" name="setUp" is-config="true" duration-ms="9116" started-at="2019-04-04T07:30:10Z" finished-at="2019-04-04T07:30:19Z">
          <reporter-output>
          </reporter-output>
        </test-method> <!-- setUp -->
        <test-method status="PASS" signature="loginTest()[pri:3, instance:com.crm.qa.testcases.LoginPageTest@39aeed2f]" name="loginTest" duration-ms="5643" started-at="2019-04-04T07:30:19Z" finished-at="2019-04-04T07:30:25Z">
          <reporter-output>
          </reporter-output>
        </test-method> <!-- loginTest -->
        <test-method status="PASS" signature="teardown()[pri:0, instance:com.crm.qa.testcases.LoginPageTest@39aeed2f]" name="teardown" is-config="true" duration-ms="719" started-at="2019-04-04T07:30:25Z" finished-at="2019-04-04T07:30:26Z">
          <reporter-output>
          </reporter-output>
        </test-method> <!-- teardown -->
      </class> <!-- com.crm.qa.testcases.LoginPageTest -->
    </test> <!-- Default test -->
  </suite> <!-- Default suite -->
</testng-results>
